<?xml version="1.0" encoding="UTF-8"?>
<!-- Generated by org.testng.reporters.JUnitReportReporter -->
<testsuite hostname="DESKTOP-C1ROD93" failures="0" tests="1" name="pages.LoginTest" time="1.936" errors="0" timestamp="2024-02-09T13:22:50 GMT-08:00" skipped="0">
  <testcase classname="pages.LoginTest" name="testLoginSuccess" time="1.936"/>
</testsuite> <!-- pages.LoginTest -->
