<?xml version="1.0" encoding="UTF-8"?>
<!-- Generated by org.testng.reporters.JUnitReportReporter -->
<testsuite hostname="DESKTOP-C1ROD93" failures="0" tests="4" name="Utilities.Excelutilities" time="3.389" errors="0" timestamp="2024-02-09T13:57:50 GMT-08:00" skipped="0">
  <testcase classname="Utilities.Excelutilities" name="testLogin" time="0.502"/>
  <testcase classname="Utilities.Excelutilities" name="testLogin" time="1.858"/>
  <testcase classname="Utilities.Excelutilities" name="testLogin" time="0.535"/>
  <testcase classname="Utilities.Excelutilities" name="testLogin" time="0.494"/>
</testsuite> <!-- Utilities.Excelutilities -->
