<?xml version="1.0" encoding="UTF-8"?>
<!-- Generated by org.testng.reporters.JUnitReportReporter -->
<testsuite hostname="DESKTOP-C1ROD93" failures="0" tests="2" name="Utilities.ITListener" time="5.614" errors="0" timestamp="2024-02-12T10:15:35 GMT-08:00" skipped="0">
  <testcase classname="Utilities.ITListener" name="testSearch2" time="3.023"/>
  <testcase classname="Utilities.ITListener" name="testSearch1" time="2.591"/>
</testsuite> <!-- Utilities.ITListener -->
