<?xml version="1.0" encoding="UTF-8"?>
<!-- Generated by org.testng.reporters.JUnitReportReporter -->
<testsuite hostname="DESKTOP-C1ROD93" failures="0" tests="2" name="Utilities.ITListenerReport" time="5.192" errors="0" timestamp="2024-02-12T10:18:09 GMT-08:00" skipped="0">
  <testcase classname="Utilities.ITListenerReport" name="testSearch1" time="2.586"/>
  <testcase classname="Utilities.ITListenerReport" name="testSearch2" time="2.606"/>
</testsuite> <!-- Utilities.ITListenerReport -->
